TN:
SF:test/mockFunctions.js
FN:2,minus
FNF:1
FNH:1
FNDA:1,minus
DA:1,1
DA:2,1
DA:3,1
DA:4,1
DA:5,1
LF:5
LH:5
BRDA:2,0,0,1
BRF:1
BRH:1
end_of_record
TN:
SF:test/throwFunction.js
FN:1,error
FN:6,customError
FNF:2
FNH:1
FNDA:1,error
FNDA:0,customError
DA:1,1
DA:2,1
DA:3,1
DA:4,1
DA:5,1
DA:6,1
DA:7,0
DA:8,0
LF:8
LH:6
BRDA:1,0,0,1
BRF:1
BRH:1
end_of_record
TN:
SF:test/toBe.js
FN:1,sum
FNF:1
FNH:1
FNDA:1,sum
DA:1,1
DA:2,1
DA:3,1
LF:3
LH:3
BRDA:1,0,0,1
BRF:1
BRH:1
end_of_record
TN:
SF:test/toHaveBeenCalled.js
FN:1,sum
FN:6,minus
FNF:2
FNH:2
FNDA:3,sum
FNDA:2,minus
DA:1,1
DA:2,3
DA:3,3
DA:4,1
DA:5,1
DA:6,1
DA:7,2
DA:8,2
DA:9,1
LF:9
LH:9
BRDA:1,0,0,3
BRDA:6,1,0,2
BRF:2
BRH:2
end_of_record
TN:
SF:test/toMatchObject.js
FN:2,TestObj
FN:6,obj
FNF:2
FNH:2
FNDA:2,TestObj
FNDA:2,obj
DA:1,1
DA:2,1
DA:3,2
DA:4,2
DA:5,1
DA:6,1
DA:7,2
DA:8,2
LF:8
LH:8
BRDA:2,0,0,2
BRDA:6,1,0,2
BRF:2
BRH:2
end_of_record
TN:
SF:test/toStrictEqual.js
FN:1,obj
FNF:1
FNH:1
FNDA:2,obj
DA:1,1
DA:2,2
DA:3,2
LF:3
LH:3
BRDA:1,0,0,2
BRF:1
BRH:1
end_of_record
